perltidy version 20170521 log file on a linux system, OLD_PERL_VERSION=5.026001
Configuration and command line parameters for this run:
-g
To find error messages search for 'WARNING' with your editor
Indentation will be with 4 spaces
Line 1 implies starting-indentation-level = 0
The nesting depths in the table below are at the start of the lines.
The indicated output line numbers are not always exact.
ci = levels of continuation indentation; bk = 1 if in BLOCK, 0 if not.

in:out indent c b  nesting   code + messages; (messages begin with >>>)
lines  levels i k            (code begins with one '.' per indent level)
------  ----- - - --------   -------------------------------------------
L2:2     i0:0 0 1            #
L3:3     i0:0 0 1            # FileCatalog::Item.pm
L4:4     i0:0 0 1            #
L5:5     i0:0 0 1            # Copyright © 2018 Felix Lechner < ....
L6:6     i0:0 0 1            #
L7:7     i0:0 0 1            # This program is free software; yo ....
L8:8     i0:0 0 1            # it under the terms of the GNU Gen ....
L9:9     i0:0 0 1            # the Free Software Foundation; eit ....
L10:10   i0:0 0 1            # (at your option) any later versio ....
L11:11   i0:0 0 1            #
L12:12   i0:0 0 1            # This program is distributed in th ....
L13:13   i0:0 0 1            # but WITHOUT ANY WARRANTY; without ....
L14:14   i0:0 0 1            # MERCHANTABILITY or FITNESS FOR A  ....
L15:15   i0:0 0 1            # GNU General Public License for mo ....
L16:16   i0:0 0 1            #
L17:17   i0:0 0 1            # You should have received a copy o ....
L18:18   i0:0 0 1            # along with this program.  If not, ....
L20:20   i0:0 0 1            package FileCatalog::Item;
L22:22   i0:0 0 1            use strict;
L23:23   i0:0 0 1            use warnings;
L25:25   i0:0 0 1            use feature qw(switch);
L26:26   i0:0 0 1            no if $] >= 5.018, warnings => "exp ....
L28:28   i0:0 0 1            use Fcntl ':mode';
L29:29   i0:0 0 1            use File::LibMagic;
L30:30   i0:0 0 1            use Digest::SHA;
L31:31   i0:0 0 1            use DateTime::Format::RFC3339;
L32:32   i0:0 0 1            use Const::Fast;
L34:34   i0:0 0 1            use FileCatalog::Manifest::RegularF ....
L35:35   i0:0 0 1            use FileCatalog::Manifest::Symbolic ....
L36:36   i0:0 0 1            use FileCatalog::Manifest::Director ....
L37:37   i0:0 0 1            use FileCatalog::Manifest::Characte ....
L38:38   i0:0 0 1            use FileCatalog::Manifest::BlockDev ....
L39:39   i0:0 0 1            use FileCatalog::Manifest::Fifo;
L40:40   i0:0 0 1            use FileCatalog::Manifest::Socket;
L42:42   i0:0 0 1            our $VERSION = '0';
L42:42   i0:0 0 1            >>>passing VERSION line; -npvl deactivates
L44:44   i0:0 0 1            const my $EMPTY           => q{};
L45:45   i0:0 0 1            const my $BASE64_WORDSIZE => 4;
L47:47   i0:0 0 1            sub pad_base64 {
L48:48   i1:1 0 1 {          .my ($padded) = @_;
L49:49   i1:1 0 1 {          .while ( length($padded) % $BASE64_ ....
L50:50   i2:2 0 1 {{         ..$padded .= q{=};
L51:51   i1:1 0 1 {{         .}
L52:51   i1:1 0 1 {          .return $padded;
L53:53   i0:0 0 1 {          }
L55:55   i0:0 0 1            sub new {
L56:56   i1:1 0 1 {          .my ( $class, %args ) = @_;
L58:58   i1:1 0 1 {          .my $self = bless( {}, $class );
L60:60   i1:1 0 1 {          .$self->path( exists $args{path} ?  ....
L62:62   i1:1 0 1 {          .return $self;
L63:63   i0:0 0 1 {          }
L65:65   i0:0 0 1            sub path {
L66:66   i1:1 0 1 {          .my $self = shift;
L67:67   i1:1 0 1 {          .if (@_) {
L68:68   i2:2 0 1 {{         ..$self->{path} = shift;
L69:69   i2:2 0 1 {{         ..my $path = $self->{path};
L71:71   i2:2 0 1 {{         ..if ( $path ne $EMPTY ) {
L72:72   i3:3 0 1 {{{        ...my (
L73:72   i4:4 0 0 {{{(       ....$dev,   $ino,     $mode, $nlink ....
L74:72   i4:4 0 0 {{{(       ....$gid,   $rdev,    $size, $atime ....
L75:72   i4:4 0 0 {{{(       ....$ctime, $blksize, $blocks
L76:72   i3:3 1 1 {{{(       ...) = lstat($path);
L76:72   i3:3 1 1 {{{(       >>>List: auto formatting with 5 fields/row
L78:78   i3:3 0 1 {{{        ...my $manifest;
L80:80   i3:3 0 1 {{{        ...given ( S_IFMT( $mode ) ) {
L82:82   i4:4 0 1 {{{{       ....when( S_IFREG ) {
L83:83   i5:5 0 1 {{{{{      .....$manifest =
L84:83   i5:5 1 1 {{{{{      .....FileCatalog::Manifest::Regular ....
L86:86   i5:5 0 1 {{{{{      .....$manifest->size($size);
L87:87   i5:5 0 1 {{{{{      .....$manifest->sha256(
L88:87   i6:6 0 0 {{{{{(     ......pad_base64(
L89:87   i7:7 0 0 {{{{{((    .......Digest::SHA->new( q{SHA-256} ....
L90:87   i7:7 1 0 {{{{{((    .......->b64digest
L91:87   i6:6 1 0 {{{{{((    ......)
L92:87   i5:5 1 1 {{{{{(     .....);
L93:93   i5:5 0 1 {{{{{      .....$manifest->sha384(
L94:93   i6:6 0 0 {{{{{(     ......pad_base64(
L95:93   i7:7 0 0 {{{{{((    .......Digest::SHA->new( q{SHA-384} ....
L96:93   i7:7 1 0 {{{{{((    .......->b64digest
L97:93   i6:6 1 0 {{{{{((    ......)
L98:93   i5:5 1 1 {{{{{(     .....);
L99:99   i5:5 0 1 {{{{{      .....$manifest->sha512(
L100:99  i6:6 0 0 {{{{{(     ......pad_base64(
L101:99  i7:7 0 0 {{{{{((    .......Digest::SHA->new( q{SHA-512} ....
L102:99  i7:7 1 0 {{{{{((    .......->b64digest
L103:99  i6:6 1 0 {{{{{((    ......)
L104:99  i5:5 1 1 {{{{{(     .....);
L106:106 i5:5 0 1 {{{{{      .....my $info = File::LibMagic->new
L107:106 i5:5 1 1 {{{{{      .....->info_from_filename( $path );
L108:107 i5:5 0 1 {{{{{      .....$manifest->magic( $info->{desc ....
L109:108 i5:5 0 1 {{{{{      .....$manifest->mime_type( $info->{ ....
L110:109 i5:5 0 1 {{{{{      .....$manifest->encoding( $info->{e ....
L112:111 i4:4 0 1 {{{{{      ....}
L114:113 i4:4 0 1 {{{{       ....when( S_IFDIR ) {
L115:114 i5:5 0 1 {{{{{      .....$manifest =
L116:114 i5:5 1 1 {{{{{      .....FileCatalog::Manifest::Directo ....
L117:116 i4:4 0 1 {{{{{      ....}
L119:118 i4:4 0 1 {{{{       ....when( S_IFLNK ) {
L120:119 i5:5 0 1 {{{{{      .....$manifest =
L121:119 i5:5 1 1 {{{{{      .....FileCatalog::Manifest::Symboli ....
L122:121 i5:5 0 1 {{{{{      .....$manifest->destination( readli ....
L123:122 i4:4 0 1 {{{{{      ....}
L125:124 i4:4 0 1 {{{{       ....when( S_IFCHR ) {
L126:125 i5:5 0 1 {{{{{      .....$manifest = FileCatalog::Manif ....
L127:125 i5:5 1 1 {{{{{      .....->new( path => $path );
L128:127 i4:4 0 1 {{{{{      ....}
L130:129 i4:4 0 1 {{{{       ....when( S_IFBLK ) {
L131:130 i5:5 0 1 {{{{{      .....$manifest =
L132:130 i5:5 1 1 {{{{{      .....FileCatalog::Manifest::BlockDe ....
L133:132 i4:4 0 1 {{{{{      ....}
L135:134 i4:4 0 1 {{{{       ....when( S_IFIFO ) {
L136:135 i5:5 0 1 {{{{{      .....$manifest =
L137:135 i5:5 1 1 {{{{{      .....FileCatalog::Manifest::Fifo->n ....
L138:137 i4:4 0 1 {{{{{      ....}
L140:139 i4:4 0 1 {{{{       ....when( S_IFSOCK ) {
L141:140 i5:5 0 1 {{{{{      .....$manifest =
L142:140 i5:5 1 1 {{{{{      .....FileCatalog::Manifest::Socket- ....
L143:142 i4:4 0 1 {{{{{      ....}
L145:144 i4:4 0 1 {{{{       ....#        default {
L146:145 i4:4 0 1 {{{{       ....#          croak 'Unknown file  ....
L147:146 i4:4 0 1 {{{{       ....#        }
L148:147 i3:3 0 1 {{{{       ...}
L150:149 i3:3 0 1 {{{        ...$manifest->uid( $uid );
L151:150 i3:3 0 1 {{{        ...$manifest->gid( $gid );
L152:151 i3:3 0 1 {{{        ...$manifest->owner( getpwuid $uid  ....
L153:152 i3:3 0 1 {{{        ...$manifest->group( getgrgid $gid  ....
L154:153 i3:3 0 1 {{{        ...my $rfc3339 = DateTime::Format:: ....
L155:154 i3:3 0 1 {{{        ...$manifest->mtime( $rfc3339->form ....
L156:155 i3:3 0 1 {{{        ...$manifest->permissions( sprintf  ....
L158:157 i3:3 0 1 {{{        ...$self->{manifest} = $manifest;
L159:158 i2:2 0 1 {{{        ..}
L160:158 i1:1 0 1 {{         .}
L161:159 i1:1 0 1 {          .return $self->{path};
L162:161 i0:0 0 1 {          }
L164:163 i0:0 0 1            sub manifest {
L165:164 i1:1 0 1 {          .my $self = shift;
L166:165 i1:1 0 1 {          .return $self->{manifest};
L167:166 i0:0 0 1 {          }
L169:168 i0:0 0 1            sub type {
L170:169 i1:1 0 1 {          .my $self = shift;
L171:170 i1:1 0 1 {          .if ( defined self->manifest ) retu ....
L172:171 i1:1 0 1 {          .return $EMPTY;
L173:172 i0:0 0 1 {          }
L175:174 i0:0 0 1            sub to_string {
L176:175 i1:1 0 1 {          .my $self = shift;
L177:176 i1:1 0 1 {          .if ( defined self->manifest ) retu ....
L178:177 i1:1 0 1 {          .return $EMPTY;
L179:178 i0:0 0 1 {          }
L181:180 i0:0 0 1            sub print {
L182:181 i1:1 0 1 {          .my $self = shift;
L183:182 i1:1 0 1 {          .print $self->to_string;
L184:183 i0:0 0 1 {          }
L186:185 i0:0 0 1            __PACKAGE__;
L186:185 i0:0 0 1            >>>Starting __END__ section
No indentation disagreement seen

No lines exceeded 80 characters
  Maximum output line length was 80 at line 120
